<?xml version="1.0" encoding="UTF-8"?>
<testng-results ignored="0" total="1" passed="1" failed="0" skipped="0">
  <reporter-output>
  </reporter-output>
  <suite started-at="2020-07-19T21:34:03 ECT" name="Default suite" finished-at="2020-07-19T21:34:18 ECT" duration-ms="14771">
    <groups>
    </groups>
    <test started-at="2020-07-19T21:34:03 ECT" name="Default test" finished-at="2020-07-19T21:34:18 ECT" duration-ms="14771">
      <class name="com.techbeamers.testng.SeleniumWeddriverTest">
        <test-method signature="myTestCaseNgReport()[pri:0, instance:com.techbeamers.testng.SeleniumWeddriverTest@67e2d983]" started-at="2020-07-19T21:34:03 ECT" name="myTestCaseNgReport" finished-at="2020-07-19T21:34:18 ECT" duration-ms="14741" status="PASS">
          <reporter-output>
          </reporter-output>
        </test-method> <!-- myTestCaseNgReport -->
      </class> <!-- com.techbeamers.testng.SeleniumWeddriverTest -->
    </test> <!-- Default test -->
  </suite> <!-- Default suite -->
</testng-results>
