<?xml version="1.0" encoding="UTF-8"?>
<robot generator="Robot 3.1.2 (Python 3.7.5 on darwin)" generated="20200719 22:57:17.889" rpa="false">
<suite id="s1" name="reddit-testCase" source="/Users/winstoncastillo/Documents/automationChallenge/RobotFrameworkAutomation/reddit-testCase.robot">
<test id="s1-t1" name="001 Visiting The site to Verify Functionality">
<kw name="Set Screenshot Directory if Fail">
<kw name="Set Screenshot Directory" library="SeleniumLibrary">
<doc>Sets the directory for captured screenshots.</doc>
<arguments>
<arg>${screenShoots}</arg>
</arguments>
<status status="PASS" starttime="20200719 22:57:18.082" endtime="20200719 22:57:18.082"></status>
</kw>
<status status="PASS" starttime="20200719 22:57:18.081" endtime="20200719 22:57:18.082"></status>
</kw>
<kw name="Evaluate" library="BuiltIn">
<doc>Evaluates the given expression in Python and returns the results.</doc>
<arguments>
<arg>sys.modules['selenium.webdriver.chrome.options'].Options()</arg>
<arg>sys</arg>
</arguments>
<assign>
<var>${options}</var>
</assign>
<msg timestamp="20200719 22:57:18.083" level="INFO">${options} = &lt;selenium.webdriver.chrome.options.Options object at 0x103aedc50&gt;</msg>
<status status="PASS" starttime="20200719 22:57:18.082" endtime="20200719 22:57:18.083"></status>
</kw>
<kw name="Call Method" library="BuiltIn">
<doc>Calls the named method of the given object with the provided arguments.</doc>
<arguments>
<arg>${options}</arg>
<arg>add_argument</arg>
<arg>--disable-notifications</arg>
</arguments>
<status status="PASS" starttime="20200719 22:57:18.083" endtime="20200719 22:57:18.083"></status>
</kw>
<kw name="Create Webdriver" library="SeleniumLibrary">
<doc>Creates an instance of Selenium WebDriver.</doc>
<arguments>
<arg>Chrome</arg>
<arg>options=${options}</arg>
</arguments>
<assign>
<var>${driver}</var>
</assign>
<msg timestamp="20200719 22:57:18.083" level="INFO">Creating an instance of the Chrome WebDriver.</msg>
<msg timestamp="20200719 22:57:20.053" level="INFO">${driver} = 1</msg>
<status status="PASS" starttime="20200719 22:57:18.083" endtime="20200719 22:57:20.053"></status>
</kw>
<kw name="Go To" library="SeleniumLibrary">
<doc>Navigates the current browser window to the provided ``url``.</doc>
<arguments>
<arg>${website}</arg>
</arguments>
<msg timestamp="20200719 22:57:20.054" level="INFO">Opening url 'https://www.reddit.com/'</msg>
<status status="PASS" starttime="20200719 22:57:20.053" endtime="20200719 22:57:24.392"></status>
</kw>
<kw name="Wait Until Element Is Visible" library="SeleniumLibrary">
<doc>Waits until the element ``locator`` is visible.</doc>
<arguments>
<arg>xpath=//*[@id="USER_DROPDOWN_ID"]/span[1]/span</arg>
</arguments>
<status status="PASS" starttime="20200719 22:57:24.392" endtime="20200719 22:57:24.423"></status>
</kw>
<kw name="Get Title" library="SeleniumLibrary">
<doc>Returns the title of the current page.</doc>
<assign>
<var>${homePageTitle}</var>
</assign>
<msg timestamp="20200719 22:57:24.427" level="INFO">${homePageTitle} = reddit: the front page of the internet</msg>
<status status="PASS" starttime="20200719 22:57:24.423" endtime="20200719 22:57:24.427"></status>
</kw>
<kw name="Click Element" library="SeleniumLibrary">
<doc>Click the element identified by ``locator``.</doc>
<arguments>
<arg>xpath=//*[@id="USER_DROPDOWN_ID"]/span[1]/span</arg>
</arguments>
<msg timestamp="20200719 22:57:24.428" level="INFO">Clicking element 'xpath=//*[@id="USER_DROPDOWN_ID"]/span[1]/span'.</msg>
<status status="PASS" starttime="20200719 22:57:24.427" endtime="20200719 22:57:24.606"></status>
</kw>
<kw name="Set Focus To Element" library="SeleniumLibrary">
<doc>Sets the focus to the element identified by ``locator``.</doc>
<arguments>
<arg>class=_3m4MQxMy4WfgIkMhHh-UAg</arg>
</arguments>
<status status="PASS" starttime="20200719 22:57:24.607" endtime="20200719 22:57:24.704"></status>
</kw>
<kw name="Click Element" library="SeleniumLibrary">
<doc>Click the element identified by ``locator``.</doc>
<arguments>
<arg>class=_3m4MQxMy4WfgIkMhHh-UAg</arg>
</arguments>
<msg timestamp="20200719 22:57:24.705" level="INFO">Clicking element 'class=_3m4MQxMy4WfgIkMhHh-UAg'.</msg>
<status status="PASS" starttime="20200719 22:57:24.704" endtime="20200719 22:57:25.043"></status>
</kw>
<kw name="Input Text" library="SeleniumLibrary">
<doc>Types the given ``text`` into the text field identified by ``locator``.</doc>
<arguments>
<arg>id=header-search-bar</arg>
<arg>Testing Concepts</arg>
</arguments>
<msg timestamp="20200719 22:57:25.044" level="INFO">Typing text 'Testing Concepts' into text field 'id=header-search-bar'.</msg>
<status status="PASS" starttime="20200719 22:57:25.044" endtime="20200719 22:57:26.672"></status>
</kw>
<kw name="Click Element" library="SeleniumLibrary">
<doc>Click the element identified by ``locator``.</doc>
<arguments>
<arg>id=header-search-bar</arg>
</arguments>
<msg timestamp="20200719 22:57:26.673" level="INFO">Clicking element 'id=header-search-bar'.</msg>
<status status="PASS" starttime="20200719 22:57:26.673" endtime="20200719 22:57:26.799"></status>
</kw>
<kw name="Wait Until Element Is Visible" library="SeleniumLibrary">
<doc>Waits until the element ``locator`` is visible.</doc>
<arguments>
<arg>partial link=TestingConcepts</arg>
</arguments>
<status status="PASS" starttime="20200719 22:57:26.799" endtime="20200719 22:57:28.014"></status>
</kw>
<kw name="Get Element Attribute" library="SeleniumLibrary">
<doc>Returns the value of ``attribute`` from the element ``locator``.</doc>
<arguments>
<arg>partial link=TestingConcepts</arg>
<arg>href</arg>
</arguments>
<assign>
<var>${newURLOpen}</var>
</assign>
<msg timestamp="20200719 22:57:28.416" level="INFO">${newURLOpen} = https://www.reddit.com/r/TestingConcepts</msg>
<status status="PASS" starttime="20200719 22:57:28.014" endtime="20200719 22:57:28.416"></status>
</kw>
<kw name="Execute Javascript" library="SeleniumLibrary">
<doc>Executes the given JavaScript code with possible arguments.</doc>
<arguments>
<arg>window.open()</arg>
</arguments>
<msg timestamp="20200719 22:57:28.417" level="INFO">Executing JavaScript:
window.open()
Without any arguments.</msg>
<status status="PASS" starttime="20200719 22:57:28.417" endtime="20200719 22:57:28.517"></status>
</kw>
<kw name="Switch Window" library="SeleniumLibrary">
<doc>Switches to browser window matching ``locator``.</doc>
<arguments>
<arg>locator=NEW</arg>
</arguments>
<status status="PASS" starttime="20200719 22:57:28.517" endtime="20200719 22:57:28.526"></status>
</kw>
<kw name="Go To" library="SeleniumLibrary">
<doc>Navigates the current browser window to the provided ``url``.</doc>
<arguments>
<arg>${newURLOpen}</arg>
</arguments>
<msg timestamp="20200719 22:57:28.526" level="INFO">Opening url 'https://www.reddit.com/r/TestingConcepts'</msg>
<status status="PASS" starttime="20200719 22:57:28.526" endtime="20200719 22:57:30.429"></status>
</kw>
<kw name="Wait Until Element Is Visible" library="SeleniumLibrary">
<doc>Waits until the element ``locator`` is visible.</doc>
<arguments>
<arg>class=_30BbATRhFv3V83DHNDjJAO</arg>
</arguments>
<status status="PASS" starttime="20200719 22:57:30.429" endtime="20200719 22:57:30.517"></status>
</kw>
<kw name="Click Element" library="SeleniumLibrary">
<doc>Click the element identified by ``locator``.</doc>
<arguments>
<arg>class=_30BbATRhFv3V83DHNDjJAO</arg>
</arguments>
<msg timestamp="20200719 22:57:30.517" level="INFO">Clicking element 'class=_30BbATRhFv3V83DHNDjJAO'.</msg>
<status status="PASS" starttime="20200719 22:57:30.517" endtime="20200719 22:57:30.728"></status>
</kw>
<kw name="Title Should Be" library="SeleniumLibrary">
<doc>Verifies that the current page title equals ``title``.</doc>
<arguments>
<arg>${homePageTitle}</arg>
</arguments>
<msg timestamp="20200719 22:57:30.742" level="INFO">Page title is 'reddit: the front page of the internet'.</msg>
<status status="PASS" starttime="20200719 22:57:30.728" endtime="20200719 22:57:30.742"></status>
</kw>
<kw name="Click Element" library="SeleniumLibrary">
<doc>Click the element identified by ``locator``.</doc>
<arguments>
<arg>xpath=//*[@id="USER_DROPDOWN_ID"]/span[1]/span</arg>
</arguments>
<msg timestamp="20200719 22:57:30.743" level="INFO">Clicking element 'xpath=//*[@id="USER_DROPDOWN_ID"]/span[1]/span'.</msg>
<status status="PASS" starttime="20200719 22:57:30.743" endtime="20200719 22:57:31.262"></status>
</kw>
<kw name="Click Element" library="SeleniumLibrary">
<doc>Click the element identified by ``locator``.</doc>
<arguments>
<arg>class=_3m4MQxMy4WfgIkMhHh-UAg</arg>
</arguments>
<msg timestamp="20200719 22:57:31.262" level="INFO">Clicking element 'class=_3m4MQxMy4WfgIkMhHh-UAg'.</msg>
<status status="PASS" starttime="20200719 22:57:31.262" endtime="20200719 22:57:31.479"></status>
</kw>
<kw name="Close Browser" library="SeleniumLibrary">
<doc>Closes the current browser.</doc>
<status status="PASS" starttime="20200719 22:57:31.479" endtime="20200719 22:57:31.605"></status>
</kw>
<tags>
<tag>FunctionalTest</tag>
</tags>
<status status="PASS" starttime="20200719 22:57:18.081" endtime="20200719 22:57:31.606" critical="yes"></status>
</test>
<doc>This is a simple code to verify a UI in Reddit</doc>
<status status="PASS" starttime="20200719 22:57:17.890" endtime="20200719 22:57:31.606"></status>
</suite>
<statistics>
<total>
<stat pass="1" fail="0">Critical Tests</stat>
<stat pass="1" fail="0">All Tests</stat>
</total>
<tag>
<stat pass="1" fail="0">FunctionalTest</stat>
</tag>
<suite>
<stat pass="1" fail="0" id="s1" name="reddit-testCase">reddit-testCase</stat>
</suite>
</statistics>
<errors>
</errors>
</robot>
